\BOOKMARK [0][-]{chapter.1}{1\040Executive\040Summary}{}% 1
\BOOKMARK [0][-]{chapter*.2}{Document\040status\040and\040purpose}{}% 2
\BOOKMARK [0][-]{chapter.2}{2\040Overview\040and\040corpus\040layout}{}% 3
\BOOKMARK [1][-]{section.2.1}{2.1\040Why\040this\040corpus\040exists}{chapter.2}% 4
\BOOKMARK [1][-]{section.2.2}{2.2\040Three\040source\040classes}{chapter.2}% 5
\BOOKMARK [1][-]{section.2.3}{2.3\040Two\040conformance\040tools}{chapter.2}% 6
\BOOKMARK [1][-]{section.2.4}{2.4\040Corpus\040layout}{chapter.2}% 7
\BOOKMARK [1][-]{section.2.5}{2.5\040End-to-end\040traceability\040path}{chapter.2}% 8
\BOOKMARK [1][-]{section.2.6}{2.6\040What\040the\040validator\040enforces}{chapter.2}% 9
\BOOKMARK [0][-]{chapter.3}{3\040Canonical\040data\040schema}{}% 10
\BOOKMARK [1][-]{section.3.1}{3.1\040Schema\040inventory}{chapter.3}% 11
\BOOKMARK [1][-]{section.3.2}{\376\377\0003\000.\0002\000\040\000R\000e\000q\000u\000i\000r\000e\000m\000e\000n\000t\000\040\000r\000e\000c\000o\000r\000d\000\040\040\024\000\040\000t\000h\000e\000\040\000l\000i\000n\000k\000a\000g\000e\000\040\000s\000c\000h\000e\000m\000a}{chapter.3}% 12
\BOOKMARK [1][-]{section.3.3}{3.3\040Conformance-tool\040record}{chapter.3}% 13
\BOOKMARK [1][-]{section.3.4}{3.4\040Enum\040vocabularies}{chapter.3}% 14
\BOOKMARK [0][-]{chapter.4}{4\040IMDA\040Model\040AI\040Governance\040Framework\040for\040Agentic\040AI}{}% 15
\BOOKMARK [1][-]{section.4.1}{4.1\040Source\040document}{chapter.4}% 16
\BOOKMARK [1][-]{section.4.2}{4.2\040Framework\040structure}{chapter.4}% 17
\BOOKMARK [1][-]{section.4.3}{\376\377\0004\000.\0003\000\040\000P\000i\000l\000l\000a\000r\000\040\0001\000\040\040\024\000\040\000A\000s\000s\000e\000s\000s\000\040\000a\000n\000d\000\040\000b\000o\000u\000n\000d\000\040\000t\000h\000e\000\040\000r\000i\000s\000k\000s\000\040\000u\000p\000f\000r\000o\000n\000t}{chapter.4}% 18
\BOOKMARK [1][-]{section.4.4}{\376\377\0004\000.\0004\000\040\000P\000i\000l\000l\000a\000r\000\040\0002\000\040\040\024\000\040\000M\000a\000k\000e\000\040\000h\000u\000m\000a\000n\000s\000\040\000m\000e\000a\000n\000i\000n\000g\000f\000u\000l\000l\000y\000\040\000a\000c\000c\000o\000u\000n\000t\000a\000b\000l\000e}{chapter.4}% 19
\BOOKMARK [1][-]{section.4.5}{\376\377\0004\000.\0005\000\040\000P\000i\000l\000l\000a\000r\000\040\0003\000\040\040\024\000\040\000I\000m\000p\000l\000e\000m\000e\000n\000t\000\040\000t\000e\000c\000h\000n\000i\000c\000a\000l\000\040\000c\000o\000n\000t\000r\000o\000l\000s\000\040\000a\000n\000d\000\040\000p\000r\000o\000c\000e\000s\000s\000e\000s}{chapter.4}% 20
\BOOKMARK [1][-]{section.4.6}{\376\377\0004\000.\0006\000\040\000P\000i\000l\000l\000a\000r\000\040\0004\000\040\040\024\000\040\000E\000n\000a\000b\000l\000e\000\040\000e\000n\000d\000-\000u\000s\000e\000r\000\040\000r\000e\000s\000p\000o\000n\000s\000i\000b\000i\000l\000i\000t\000y}{chapter.4}% 21
\BOOKMARK [1][-]{section.4.7}{4.7\040Coverage\040heat\040map}{chapter.4}% 22
\BOOKMARK [0][-]{chapter.5}{5\0402025\040AI\040Agent\040Index}{}% 23
\BOOKMARK [1][-]{section.5.1}{5.1\040Source\040document}{chapter.5}% 24
\BOOKMARK [1][-]{section.5.2}{5.2\040What\040it\040catalogues}{chapter.5}% 25
\BOOKMARK [1][-]{section.5.3}{5.3\040Headline\040finding\040for\040governance}{chapter.5}% 26
\BOOKMARK [1][-]{section.5.4}{5.4\040How\040we\040verify\040the\040transparency\040requirement}{chapter.5}% 27
\BOOKMARK [0][-]{chapter.6}{6\040Empirical\040evidence:\040Ju\040&\040Aral\040\(2026\)}{}% 28
\BOOKMARK [1][-]{section.6.1}{6.1\040Source\040document}{chapter.6}% 29
\BOOKMARK [1][-]{section.6.2}{6.2\040Study\040design}{chapter.6}% 30
\BOOKMARK [1][-]{section.6.3}{6.3\040Findings\040relevant\040to\040governance}{chapter.6}% 31
\BOOKMARK [1][-]{section.6.4}{6.4\040Requirements\040extracted}{chapter.6}% 32
\BOOKMARK [1][-]{section.6.5}{6.5\040Implementation\040in\040the\040corpus}{chapter.6}% 33
\BOOKMARK [0][-]{chapter.7}{7\040Conformance\040tooling}{}% 34
\BOOKMARK [1][-]{section.7.1}{7.1\040Two\040complementary\040tools}{chapter.7}% 35
\BOOKMARK [1][-]{section.7.2}{7.2\040AI\040Verify\0402.0}{chapter.7}% 36
\BOOKMARK [1][-]{section.7.3}{7.3\040Moonshot\040CI/CD\0401.1.0}{chapter.7}% 37
\BOOKMARK [1][-]{section.7.4}{7.4\040Binding\040to\040requirement\040records}{chapter.7}% 38
\BOOKMARK [0][-]{chapter.8}{8\040References\040and\040traceability}{}% 39
\BOOKMARK [1][-]{section.8.1}{8.1\040Source\040hashes\040\(sha256\)}{chapter.8}% 40
\BOOKMARK [1][-]{section.8.2}{8.2\040Structured\040records\040on\040disk}{chapter.8}% 41
\BOOKMARK [1][-]{section.8.3}{8.3\040Corpus\040index\040excerpt}{chapter.8}% 42
\BOOKMARK [1][-]{section.8.4}{8.4\040Consolidated\040traceability\040matrix}{chapter.8}% 43
\BOOKMARK [1][-]{section.8.5}{8.5\040Rebuild\040and\040revalidate}{chapter.8}% 44
\BOOKMARK [1][-]{section.8.6}{8.6\040Further\040resources}{chapter.8}% 45
\BOOKMARK [1][-]{section.8.7}{8.7\040Unified\040Schema\040Registry}{chapter.8}% 46
\BOOKMARK [0][-]{chapter.9}{9\040Capability\040Monitoring\040Specification}{}% 47
\BOOKMARK [1][-]{section.9.1}{9.1\040Overview}{chapter.9}% 48
\BOOKMARK [1][-]{section.9.2}{9.2\040Architecture}{chapter.9}% 49
\BOOKMARK [1][-]{section.9.3}{9.3\040Metrics\040collection}{chapter.9}% 50
\BOOKMARK [2][-]{subsection.9.3.1}{9.3.1\040Required\040metrics}{section.9.3}% 51
\BOOKMARK [2][-]{subsection.9.3.2}{9.3.2\040Collection\040points}{section.9.3}% 52
\BOOKMARK [1][-]{section.9.4}{9.4\040Detection\040triggers}{chapter.9}% 53
\BOOKMARK [2][-]{subsection.9.4.1}{9.4.1\040Statistical\040anomaly\040detection}{section.9.4}% 54
\BOOKMARK [2][-]{subsection.9.4.2}{9.4.2\040Behavioural\040pattern\040detection}{section.9.4}% 55
\BOOKMARK [2][-]{subsection.9.4.3}{9.4.3\040Trigger\040definitions}{section.9.4}% 56
\BOOKMARK [1][-]{section.9.5}{9.5\040Alert\040management}{chapter.9}% 57
\BOOKMARK [2][-]{subsection.9.5.1}{9.5.1\040Alert\040severity\040levels}{section.9.5}% 58
\BOOKMARK [2][-]{subsection.9.5.2}{9.5.2\040Alert\040routing}{section.9.5}% 59
\BOOKMARK [2][-]{subsection.9.5.3}{9.5.3\040Circuit\040breaker\040integration}{section.9.5}% 60
\BOOKMARK [2][-]{subsection.9.5.4}{9.5.4\040Graceful\040degradation\040ladder}{section.9.5}% 61
\BOOKMARK [1][-]{section.9.6}{9.6\040Dashboard\040specification}{chapter.9}% 62
\BOOKMARK [2][-]{subsection.9.6.1}{9.6.1\040Real-time\040view}{section.9.6}% 63
\BOOKMARK [2][-]{subsection.9.6.2}{9.6.2\040Historical\040analysis}{section.9.6}% 64
\BOOKMARK [1][-]{section.9.7}{9.7\040Audit\040and\040compliance}{chapter.9}% 65
\BOOKMARK [2][-]{subsection.9.7.1}{9.7.1\040Retention\040requirements}{section.9.7}% 66
\BOOKMARK [2][-]{subsection.9.7.2}{9.7.2\040Regulatory\040reporting}{section.9.7}% 67
\BOOKMARK [1][-]{section.9.8}{9.8\040Implementation\040checklist}{chapter.9}% 68
\BOOKMARK [0][-]{chapter.10}{10\040Testing\040Specification}{}% 69
\BOOKMARK [1][-]{section.10.1}{10.1\040Test\040coverage\040requirements}{chapter.10}% 70
\BOOKMARK [1][-]{section.10.2}{10.2\040Test\040fixtures}{chapter.10}% 71
\BOOKMARK [2][-]{subsection.10.2.1}{10.2.1\040Regulation\040fixtures}{section.10.2}% 72
\BOOKMARK [2][-]{subsection.10.2.2}{10.2.2\040Conformance\040tool\040fixtures}{section.10.2}% 73
\BOOKMARK [1][-]{section.10.3}{10.3\040Unit\040test\040cases}{chapter.10}% 74
\BOOKMARK [2][-]{subsection.10.3.1}{10.3.1\040Requirement\040parsing}{section.10.3}% 75
\BOOKMARK [2][-]{subsection.10.3.2}{10.3.2\040Status\040tracking}{section.10.3}% 76
\BOOKMARK [2][-]{subsection.10.3.3}{10.3.3\040Coverage\040calculation}{section.10.3}% 77
\BOOKMARK [2][-]{subsection.10.3.4}{10.3.4\040Implementation\040pointer\040validation}{section.10.3}% 78
\BOOKMARK [2][-]{subsection.10.3.5}{10.3.5\040Conformance\040tool\040integration}{section.10.3}% 79
\BOOKMARK [1][-]{section.10.4}{10.4\040Integration\040test\040suite}{chapter.10}% 80
\BOOKMARK [2][-]{subsection.10.4.1}{10.4.1\040End-to-end\040scenarios}{section.10.4}% 81
\BOOKMARK [1][-]{section.10.5}{10.5\040Schema\040validation\040tests}{chapter.10}% 82
\BOOKMARK [1][-]{section.10.6}{10.6\040Compliance\040verification\040tests}{chapter.10}% 83
\BOOKMARK [1][-]{section.10.7}{10.7\040CI/CD\040integration}{chapter.10}% 84
\BOOKMARK [1][-]{section.10.8}{10.8\040Quarterly\040audit\040tests}{chapter.10}% 85
\BOOKMARK [2][-]{subsection.10.8.1}{10.8.1\040Applicable\040AIVerify\040plugin\040subset}{section.10.8}% 86
\BOOKMARK [2][-]{subsection.10.8.2}{10.8.2\040GFAIC\040charter\040attestation}{section.10.8}% 87
\BOOKMARK [1][-]{section.10.9}{10.9\040Acceptance\040criteria}{chapter.10}% 88
\BOOKMARK [0][-]{chapter.11}{11\040Per-Request\040Identity\040Attribution\040Specification}{}% 89
\BOOKMARK [1][-]{section.11.1}{11.1\040Overview}{chapter.11}% 90
\BOOKMARK [1][-]{section.11.2}{11.2\040Identity\040model}{chapter.11}% 91
\BOOKMARK [2][-]{subsection.11.2.1}{11.2.1\040Agent\040identity\040schema}{section.11.2}% 92
\BOOKMARK [2][-]{subsection.11.2.2}{11.2.2\040Request\040identity\040schema}{section.11.2}% 93
\BOOKMARK [1][-]{section.11.3}{11.3\040Audit\040trail\040specification}{chapter.11}% 94
\BOOKMARK [2][-]{subsection.11.3.1}{11.3.1\040Audit\040event\040schema}{section.11.3}% 95
\BOOKMARK [2][-]{subsection.11.3.2}{11.3.2\040Required\040audit\040events}{section.11.3}% 96
\BOOKMARK [1][-]{section.11.4}{11.4\040Storage\040and\040retention}{chapter.11}% 97
\BOOKMARK [2][-]{subsection.11.4.1}{11.4.1\040Storage\040requirements}{section.11.4}% 98
\BOOKMARK [2][-]{subsection.11.4.2}{11.4.2\040Immutability\040requirements}{section.11.4}% 99
\BOOKMARK [1][-]{section.11.5}{11.5\040API\040specification}{chapter.11}% 100
\BOOKMARK [2][-]{subsection.11.5.1}{11.5.1\040Audit\040write\040API}{section.11.5}% 101
\BOOKMARK [2][-]{subsection.11.5.2}{11.5.2\040Audit\040query\040API}{section.11.5}% 102
\BOOKMARK [1][-]{section.11.6}{11.6\040Integration\040requirements}{chapter.11}% 103
\BOOKMARK [2][-]{subsection.11.6.1}{11.6.1\040Pipeline\040integration}{section.11.6}% 104
\BOOKMARK [2][-]{subsection.11.6.2}{11.6.2\040Failure\040handling}{section.11.6}% 105
\BOOKMARK [1][-]{section.11.7}{11.7\040Compliance\040mapping}{chapter.11}% 106
\BOOKMARK [1][-]{section.11.8}{11.8\040Implementation\040checklist\040and\040integration\040status}{chapter.11}% 107
\BOOKMARK [2][-]{subsection.11.8.1}{11.8.1\040Audit\040service\040\(this\040chapter\)}{section.11.8}% 108
\BOOKMARK [2][-]{subsection.11.8.2}{11.8.2\040Pipeline\040integration\040rollout}{section.11.8}% 109
\BOOKMARK [2][-]{subsection.11.8.3}{11.8.3\040Compliance\040tests}{section.11.8}% 110
\BOOKMARK [0][-]{chapter.12}{12\040Project\040Roadmap}{}% 111
\BOOKMARK [1][-]{section*.36}{Scope\040of\040this\040chapter}{chapter.12}% 112
\BOOKMARK [1][-]{section.12.1}{12.1\040MoSCoW\040classification}{chapter.12}% 113
\BOOKMARK [1][-]{section.12.2}{12.2\040Dependency\040graph}{chapter.12}% 114
\BOOKMARK [1][-]{section.12.3}{12.3\040Project\040milestones}{chapter.12}% 115
\BOOKMARK [1][-]{section.12.4}{12.4\040Launch\040tiers\040and\040exit\040gates}{chapter.12}% 116
\BOOKMARK [1][-]{section.12.5}{12.5\040Kill-switch\040conditions}{chapter.12}% 117
\BOOKMARK [1][-]{section.12.6}{12.6\040Shared-platform\040dependencies}{chapter.12}% 118
\BOOKMARK [1][-]{section.12.7}{12.7\040v2.0\040expansion\040trigger}{chapter.12}% 119
\BOOKMARK [1][-]{section.12.8}{12.8\040Governance\040and\040business-case\040cadence}{chapter.12}% 120
\BOOKMARK [0][-]{chapter.13}{13\040Agent\040Implementation\040Instructions}{}% 121
\BOOKMARK [1][-]{section.13.1}{13.1\040Purpose\040and\040audience}{chapter.13}% 122
\BOOKMARK [1][-]{section.13.2}{13.2\040Rules\040of\040Engagement\040for\040AI\040Agents}{chapter.13}% 123
\BOOKMARK [1][-]{section.13.3}{13.3\040Agent\040Rule-Pack\040Architecture\040\(.clinerules\)}{chapter.13}% 124
\BOOKMARK [2][-]{subsection.13.3.1}{13.3.1\040Inheritance\040Hierarchy}{section.13.3}% 125
\BOOKMARK [2][-]{subsection.13.3.2}{13.3.2\040Safety-Critical\040Flags}{section.13.3}% 126
\BOOKMARK [1][-]{section.13.4}{\376\377\0001\0003\000.\0004\000\040\000P\000l\000a\000t\000f\000o\000r\000m\000\040\000O\000v\000e\000r\000v\000i\000e\000w\000\040\040\024\000\040\000O\000n\000e\000\040\000C\000o\000d\000e\000b\000a\000s\000e\000,\000\040\000O\000n\000e\000\040\000I\000n\000s\000t\000a\000n\000c\000e}{chapter.13}% 127
\BOOKMARK [2][-]{subsection.13.4.1}{13.4.1\040Integration\040Stance}{section.13.4}% 128
\BOOKMARK [2][-]{subsection.13.4.2}{13.4.2\040Platform\040Integration\040Map}{section.13.4}% 129
\BOOKMARK [1][-]{section.13.5}{13.5\040Transactional\040Sequence\040Diagrams}{chapter.13}% 130
\BOOKMARK [2][-]{subsection.13.5.1}{13.5.1\040Universal\040Governance\040Handshake}{section.13.5}% 131
\BOOKMARK [2][-]{subsection.13.5.2}{13.5.2\040Arabic\040AP\040Golden\040Path}{section.13.5}% 132
\BOOKMARK [1][-]{section.13.6}{13.6\040Compute\040and\040Resource\040Alignment}{chapter.13}% 133
\BOOKMARK [1][-]{section.13.7}{13.7\040Human-in-the-Loop\040\(HITL\)\040Critical\040Gates}{chapter.13}% 134
\BOOKMARK [1][-]{section.13.8}{13.8\040Registry\040Integrity\040&\040Live\040Status}{chapter.13}% 135
\BOOKMARK [1][-]{section.13.9}{13.9\040Master\040Implementation\040Manifest\040\(Union\)}{chapter.13}% 136
\BOOKMARK [1][-]{section.13.10}{13.10\040Governance\040Obligations\040\(MAS\040MGF\)}{chapter.13}% 137
\BOOKMARK [1][-]{section.13.11}{13.11\040FMEA:\040Failure\040Mode\040and\040Effects\040Analysis\040for\040AI}{chapter.13}% 138
\BOOKMARK [1][-]{section.13.12}{13.12\040This\040domain\040in\040context}{chapter.13}% 139
\BOOKMARK [1][-]{section.13.13}{13.13\040Schema\040contribution}{chapter.13}% 140
\BOOKMARK [1][-]{section.13.14}{13.14\040Persona\040and\040MCP\040allow-list}{chapter.13}% 141
\BOOKMARK [1][-]{section.13.15}{13.15\040Agent\040Rule-Pack\040Binding}{chapter.13}% 142
\BOOKMARK [1][-]{section.13.16}{13.16\040Implementation\040tasks\040for\040this\040domain}{chapter.13}% 143
\BOOKMARK [1][-]{section.13.17}{13.17\040Governance\040obligations\040applied\040to\040this\040domain}{chapter.13}% 144
\BOOKMARK [1][-]{section.13.18}{\376\377\0001\0003\000.\0001\0008\000\040\000C\000r\000o\000s\000s\000-\000s\000p\000e\000c\000\040\000i\000n\000t\000e\000g\000r\000a\000t\000i\000o\000n\000\040\040\024\000\040\000f\000u\000l\000l\000\040\000d\000e\000t\000a\000i\000l}{chapter.13}% 145
\BOOKMARK [2][-]{subsection.13.18.1}{13.18.1\040With\040Arabic\040AP}{section.13.18}% 146
\BOOKMARK [2][-]{subsection.13.18.2}{13.18.2\040With\040Trial\040Balance}{section.13.18}% 147
\BOOKMARK [2][-]{subsection.13.18.3}{13.18.3\040With\040Regulations}{section.13.18}% 148
\BOOKMARK [2][-]{subsection.13.18.4}{13.18.4\040With\040Simula}{section.13.18}% 149
\BOOKMARK [1][-]{section.13.19}{13.19\040Wave\040assignment\040and\040sequencing}{chapter.13}% 150
\BOOKMARK [1][-]{section.13.20}{13.20\040Acceptance\040criteria\040\(platform-wide\)}{chapter.13}% 151
\BOOKMARK [1][-]{section.13.21}{13.21\040References}{chapter.13}% 152
\BOOKMARK [0][-]{chapter.14}{14\040Global\040Wave-Dependency\040Manifest}{}% 153
\BOOKMARK [1][-]{section.14.1}{\376\377\0001\0004\000.\0001\000\040\000C\000r\000i\000t\000i\000c\000a\000l\000\040\000P\000a\000t\000h\000\040\000V\000i\000s\000u\000a\000l\000i\000z\000a\000t\000i\000o\000n\000\040\000\050\000W\000a\000v\000e\000s\000\040\0001\040\023\0003\000\051}{chapter.14}% 154
\BOOKMARK [1][-]{section.14.2}{14.2\040Inter-Domain\040Prerequisite\040Matrix}{chapter.14}% 155
