\BOOKMARK [0][-]{chapter.1}{1\040Executive\040Summary}{}% 1
\BOOKMARK [0][-]{chapter*.2}{Abstract}{}% 2
\BOOKMARK [0][-]{chapter.2}{2\040Overview\040and\040Scope}{}% 3
\BOOKMARK [1][-]{section.2.1}{2.1\040Problem\040statement}{chapter.2}% 4
\BOOKMARK [1][-]{section.2.2}{2.2\040In-scope\040workstreams}{chapter.2}% 5
\BOOKMARK [1][-]{section.2.3}{2.3\040Out-of-scope}{chapter.2}% 6
\BOOKMARK [1][-]{section.2.4}{2.4\040Stakeholders}{chapter.2}% 7
\BOOKMARK [1][-]{section.2.5}{2.5\040Timeline}{chapter.2}% 8
\BOOKMARK [1][-]{section.2.6}{2.6\040Context\040diagram}{chapter.2}% 9
\BOOKMARK [1][-]{section.2.7}{2.7\040Expected\040benefits}{chapter.2}% 10
\BOOKMARK [1][-]{section.2.8}{2.8\040EUC\040retirement\040plan}{chapter.2}% 11
\BOOKMARK [0][-]{chapter.3}{3\040Canonical\040Data\040Schema}{}% 12
\BOOKMARK [1][-]{section.3.1}{3.1\040Overview}{chapter.3}% 13
\BOOKMARK [1][-]{section.3.2}{3.2\040Control\040record}{chapter.3}% 14
\BOOKMARK [1][-]{section.3.3}{3.3\040Decision-point\040record}{chapter.3}% 15
\BOOKMARK [1][-]{section.3.4}{3.4\040Workflow\040record}{chapter.3}% 16
\BOOKMARK [1][-]{section.3.5}{3.5\040Requirement\040record}{chapter.3}% 17
\BOOKMARK [1][-]{section.3.6}{3.6\040KPI\040record}{chapter.3}% 18
\BOOKMARK [1][-]{section.3.7}{3.7\040Glossary\040record}{chapter.3}% 19
\BOOKMARK [1][-]{section.3.8}{3.8\040Data-product\040record}{chapter.3}% 20
\BOOKMARK [1][-]{section.3.9}{3.9\040Enumerations}{chapter.3}% 21
\BOOKMARK [1][-]{section.3.10}{3.10\040Validation}{chapter.3}% 22
\BOOKMARK [1][-]{section.3.11}{3.11\040Unified\040Schema\040Registry}{chapter.3}% 23
\BOOKMARK [0][-]{chapter.4}{4\040AI\040Augmentation\040Pipeline}{}% 24
\BOOKMARK [1][-]{section.4.1}{4.1\040Architecture}{chapter.4}% 25
\BOOKMARK [1][-]{section.4.2}{4.2\040Stage\0401:\040Ingestion}{chapter.4}% 26
\BOOKMARK [1][-]{section.4.3}{4.3\040Stage\0402:\040Anomaly\040detection}{chapter.4}% 27
\BOOKMARK [1][-]{section.4.4}{4.4\040Stage\0403:\040Commentary\040drafting}{chapter.4}% 28
\BOOKMARK [1][-]{section.4.5}{4.5\040Stage\0404:\040Validation\040and\040routing}{chapter.4}% 29
\BOOKMARK [1][-]{section.4.6}{4.6\040Stage\0405:\040FORTM\040narrative\040generation}{chapter.4}% 30
\BOOKMARK [1][-]{section.4.7}{4.7\040Controls\040posture\040of\040the\040pipeline}{chapter.4}% 31
\BOOKMARK [1][-]{section.4.8}{4.8\040Evaluation\040harness}{chapter.4}% 32
\BOOKMARK [0][-]{chapter.5}{5\040Controls\040and\040Commentary\040Engine}{}% 33
\BOOKMARK [1][-]{section.5.1}{5.1\040Role\040of\040the\040engine}{chapter.5}% 34
\BOOKMARK [1][-]{section.5.2}{5.2\040Decision\040tree}{chapter.5}% 35
\BOOKMARK [1][-]{section.5.3}{5.3\040Rule\040format}{chapter.5}% 36
\BOOKMARK [1][-]{section.5.4}{5.4\040Materiality\040thresholds}{chapter.5}% 37
\BOOKMARK [1][-]{section.5.5}{5.5\040Journal\040posting}{chapter.5}% 38
\BOOKMARK [1][-]{section.5.6}{5.6\040Investigation\040and\040deadlines}{chapter.5}% 39
\BOOKMARK [1][-]{section.5.7}{5.7\040Unexplained-variance\040handling}{chapter.5}% 40
\BOOKMARK [1][-]{section.5.8}{5.8\040Commentary\040register}{chapter.5}% 41
\BOOKMARK [1][-]{section.5.9}{5.9\040Per-country\040parameter\040views}{chapter.5}% 42
\BOOKMARK [2][-]{subsection.5.9.1}{5.9.1\040Parameter\040loading\040and\040validation\040for\040234\040entities}{section.5.9}% 43
\BOOKMARK [1][-]{section.5.10}{5.10\040Observability}{chapter.5}% 44
\BOOKMARK [0][-]{chapter.6}{6\040Workflow\040and\040Approval\040Engine}{}% 45
\BOOKMARK [1][-]{section.6.1}{6.1\040Source}{chapter.6}% 46
\BOOKMARK [1][-]{section.6.2}{6.2\040State\040inventory}{chapter.6}% 47
\BOOKMARK [1][-]{section.6.3}{6.3\040Preparation\040phase\040\(M-3\)}{chapter.6}% 48
\BOOKMARK [1][-]{section.6.4}{6.4\040Analysis\040phase\040\(M-2\040to\040M+5\)}{chapter.6}% 49
\BOOKMARK [1][-]{section.6.5}{6.5\040Review\040phase\040\(M+5\)}{chapter.6}% 50
\BOOKMARK [1][-]{section.6.6}{6.6\040Approval\040matrix}{chapter.6}% 51
\BOOKMARK [1][-]{section.6.7}{6.7\040Data\040objects}{chapter.6}% 52
\BOOKMARK [1][-]{section.6.8}{6.8\040Exception\040paths}{chapter.6}% 53
\BOOKMARK [0][-]{chapter.7}{7\040Controls,\040Testing,\040and\040Acceptance}{}% 54
\BOOKMARK [1][-]{section.7.1}{7.1\040Control\040enforcement\040map}{chapter.7}% 55
\BOOKMARK [1][-]{section.7.2}{7.2\040Risk\040register}{chapter.7}% 56
\BOOKMARK [1][-]{section.7.3}{7.3\040Test\040strategy}{chapter.7}% 57
\BOOKMARK [1][-]{section.7.4}{7.4\040Acceptance\040criteria}{chapter.7}% 58
\BOOKMARK [1][-]{section.7.5}{7.5\040Deployment\040and\040rollback}{chapter.7}% 59
\BOOKMARK [1][-]{section.7.6}{7.6\040Training\040and\040change\040management}{chapter.7}% 60
\BOOKMARK [1][-]{section.7.7}{7.7\040Traceability\040matrix}{chapter.7}% 61
\BOOKMARK [0][-]{chapter.8}{8\040References}{}% 62
\BOOKMARK [1][-]{section.8.1}{8.1\040Source\040documents}{chapter.8}% 63
\BOOKMARK [1][-]{section.8.2}{8.2\040Derived\040text}{chapter.8}% 64
\BOOKMARK [1][-]{section.8.3}{8.3\040Structured\040records}{chapter.8}% 65
\BOOKMARK [1][-]{section.8.4}{8.4\040Tools}{chapter.8}% 66
\BOOKMARK [1][-]{section.8.5}{8.5\040Minimal\040corpus\040excerpt}{chapter.8}% 67
\BOOKMARK [1][-]{section.8.6}{8.6\040Out-of-scope\040assets}{chapter.8}% 68
\BOOKMARK [0][-]{chapter.9}{9\040Human\040Review\040Dashboard\040Specification}{}% 69
\BOOKMARK [1][-]{section.9.1}{9.1\040Overview}{chapter.9}% 70
\BOOKMARK [1][-]{section.9.2}{9.2\040Interface\040requirements}{chapter.9}% 71
\BOOKMARK [2][-]{subsection.9.2.1}{9.2.1\040Queue\040view}{section.9.2}% 72
\BOOKMARK [2][-]{subsection.9.2.2}{9.2.2\040Review\040view}{section.9.2}% 73
\BOOKMARK [2][-]{subsection.9.2.3}{9.2.3\040Analytics\040view}{section.9.2}% 74
\BOOKMARK [1][-]{section.9.3}{9.3\040User\040workflow\040specification}{chapter.9}% 75
\BOOKMARK [2][-]{subsection.9.3.1}{9.3.1\040Standard\040review\040flow}{section.9.3}% 76
\BOOKMARK [2][-]{subsection.9.3.2}{9.3.2\040Escalation\040flow}{section.9.3}% 77
\BOOKMARK [1][-]{section.9.4}{9.4\040SLA\040specification}{chapter.9}% 78
\BOOKMARK [1][-]{section.9.5}{9.5\040Audit\040trail\040specification}{chapter.9}% 79
\BOOKMARK [2][-]{subsection.9.5.1}{9.5.1\040Required\040audit\040events}{section.9.5}% 80
\BOOKMARK [2][-]{subsection.9.5.2}{9.5.2\040Retention\040and\040access}{section.9.5}% 81
\BOOKMARK [1][-]{section.9.6}{9.6\040Accessibility\040requirements}{chapter.9}% 82
\BOOKMARK [1][-]{section.9.7}{9.7\040Reviewer\040training\040requirements}{chapter.9}% 83
\BOOKMARK [2][-]{subsection.9.7.1}{9.7.1\040Certification\040program}{section.9.7}% 84
\BOOKMARK [2][-]{subsection.9.7.2}{9.7.2\040Competency\040assessment}{section.9.7}% 85
\BOOKMARK [1][-]{section.9.8}{9.8\040Inter-rater\040agreement}{chapter.9}% 86
\BOOKMARK [1][-]{section.9.9}{9.9\040API\040specification}{chapter.9}% 87
\BOOKMARK [2][-]{subsection.9.9.1}{9.9.1\040Authentication\040and\040authorization}{section.9.9}% 88
\BOOKMARK [2][-]{subsection.9.9.2}{9.9.2\040REST\040endpoints}{section.9.9}% 89
\BOOKMARK [1][-]{section.9.10}{9.10\040Implementation\040checklist}{chapter.9}% 90
\BOOKMARK [0][-]{chapter.10}{10\040Testing\040Specification}{}% 91
\BOOKMARK [1][-]{section.10.1}{10.1\040Test\040coverage\040requirements}{chapter.10}% 92
\BOOKMARK [1][-]{section.10.2}{10.2\040Test\040fixtures}{chapter.10}% 93
\BOOKMARK [2][-]{subsection.10.2.1}{10.2.1\040TB\040extract\040fixtures}{section.10.2}% 94
\BOOKMARK [2][-]{subsection.10.2.2}{10.2.2\040Variance\040fixtures}{section.10.2}% 95
\BOOKMARK [1][-]{section.10.3}{10.3\040Unit\040test\040cases}{chapter.10}% 96
\BOOKMARK [2][-]{subsection.10.3.1}{10.3.1\040Variance\040detection}{section.10.3}% 97
\BOOKMARK [2][-]{subsection.10.3.2}{10.3.2\040Materiality\040threshold}{section.10.3}% 98
\BOOKMARK [2][-]{subsection.10.3.3}{10.3.3\040Robust\040statistics}{section.10.3}% 99
\BOOKMARK [1][-]{section.10.4}{10.4\040Integration\040test\040suite}{chapter.10}% 100
\BOOKMARK [2][-]{subsection.10.4.1}{10.4.1\040End-to-end\040scenarios}{section.10.4}% 101
\BOOKMARK [1][-]{section.10.5}{10.5\040Performance\040benchmarks}{chapter.10}% 102
\BOOKMARK [1][-]{section.10.6}{10.6\040Data\040quality\040tests}{chapter.10}% 103
\BOOKMARK [1][-]{section.10.7}{10.7\040CI/CD\040integration}{chapter.10}% 104
\BOOKMARK [1][-]{section.10.8}{10.8\040Acceptance\040criteria}{chapter.10}% 105
\BOOKMARK [0][-]{chapter.11}{11\040Future\040Work:\040ML-Based\040Anomaly\040Detection}{}% 106
\BOOKMARK [1][-]{section.11.1}{11.1\040Current\040state:\040Statistical\040detection}{chapter.11}% 107
\BOOKMARK [1][-]{section.11.2}{11.2\040v2.0\040roadmap:\040Machine\040learning\040approaches}{chapter.11}% 108
\BOOKMARK [2][-]{subsection.11.2.1}{11.2.1\040Isolation\040Forest}{section.11.2}% 109
\BOOKMARK [2][-]{subsection.11.2.2}{11.2.2\040Autoencoder}{section.11.2}% 110
\BOOKMARK [2][-]{subsection.11.2.3}{11.2.3\040Time-series\040forecasting}{section.11.2}% 111
\BOOKMARK [1][-]{section.11.3}{11.3\040Transition\040plan}{chapter.11}% 112
\BOOKMARK [2][-]{subsection.11.3.1}{\376\377\0001\0001\000.\0003\000.\0001\000\040\000P\000h\000a\000s\000e\000\040\0001\000:\000\040\000S\000h\000a\000d\000o\000w\000\040\000m\000o\000d\000e\000\040\000\050\000M\000o\000n\000t\000h\000s\000\040\0001\040\023\0003\000\051}{section.11.3}% 113
\BOOKMARK [2][-]{subsection.11.3.2}{\376\377\0001\0001\000.\0003\000.\0002\000\040\000P\000h\000a\000s\000e\000\040\0002\000:\000\040\000H\000y\000b\000r\000i\000d\000\040\000m\000o\000d\000e\000\040\000\050\000M\000o\000n\000t\000h\000s\000\040\0004\040\023\0006\000\051}{section.11.3}% 114
\BOOKMARK [2][-]{subsection.11.3.3}{11.3.3\040Phase\0403:\040ML\040primary\040\(Month\0407+\)}{section.11.3}% 115
\BOOKMARK [1][-]{section.11.4}{11.4\040Success\040criteria}{chapter.11}% 116
\BOOKMARK [1][-]{section.11.5}{11.5\040Data\040requirements}{chapter.11}% 117
\BOOKMARK [1][-]{section.11.6}{11.6\040Timeline}{chapter.11}% 118
\BOOKMARK [0][-]{chapter.12}{12\040Project\040Roadmap}{}% 119
\BOOKMARK [1][-]{section*.45}{Scope\040of\040this\040chapter}{chapter.12}% 120
\BOOKMARK [1][-]{section.12.1}{12.1\040MoSCoW\040classification}{chapter.12}% 121
\BOOKMARK [1][-]{section.12.2}{12.2\040Dependency\040graph}{chapter.12}% 122
\BOOKMARK [1][-]{section.12.3}{12.3\040Project\040milestones}{chapter.12}% 123
\BOOKMARK [1][-]{section.12.4}{12.4\040Launch\040tiers\040and\040exit\040gates}{chapter.12}% 124
\BOOKMARK [1][-]{section.12.5}{12.5\040Kill-switch\040conditions}{chapter.12}% 125
\BOOKMARK [1][-]{section.12.6}{12.6\040Shared-platform\040dependencies}{chapter.12}% 126
\BOOKMARK [1][-]{section.12.7}{12.7\040Governance\040and\040business-case\040cadence}{chapter.12}% 127
\BOOKMARK [0][-]{chapter.13}{13\040Agent\040Implementation\040Instructions}{}% 128
\BOOKMARK [1][-]{section.13.1}{13.1\040Purpose\040and\040audience}{chapter.13}% 129
\BOOKMARK [1][-]{section.13.2}{13.2\040Rules\040of\040Engagement\040for\040AI\040Agents}{chapter.13}% 130
\BOOKMARK [1][-]{section.13.3}{13.3\040Agent\040Rule-Pack\040Architecture\040\(.clinerules\)}{chapter.13}% 131
\BOOKMARK [2][-]{subsection.13.3.1}{13.3.1\040Inheritance\040Hierarchy}{section.13.3}% 132
\BOOKMARK [2][-]{subsection.13.3.2}{13.3.2\040Safety-Critical\040Flags}{section.13.3}% 133
\BOOKMARK [1][-]{section.13.4}{\376\377\0001\0003\000.\0004\000\040\000P\000l\000a\000t\000f\000o\000r\000m\000\040\000O\000v\000e\000r\000v\000i\000e\000w\000\040\040\024\000\040\000O\000n\000e\000\040\000C\000o\000d\000e\000b\000a\000s\000e\000,\000\040\000O\000n\000e\000\040\000I\000n\000s\000t\000a\000n\000c\000e}{chapter.13}% 134
\BOOKMARK [2][-]{subsection.13.4.1}{13.4.1\040Integration\040Stance}{section.13.4}% 135
\BOOKMARK [2][-]{subsection.13.4.2}{13.4.2\040Platform\040Integration\040Map}{section.13.4}% 136
\BOOKMARK [1][-]{section.13.5}{13.5\040Transactional\040Sequence\040Diagrams}{chapter.13}% 137
\BOOKMARK [2][-]{subsection.13.5.1}{13.5.1\040Universal\040Governance\040Handshake}{section.13.5}% 138
\BOOKMARK [2][-]{subsection.13.5.2}{13.5.2\040Arabic\040AP\040Golden\040Path}{section.13.5}% 139
\BOOKMARK [1][-]{section.13.6}{13.6\040Compute\040and\040Resource\040Alignment}{chapter.13}% 140
\BOOKMARK [1][-]{section.13.7}{13.7\040Human-in-the-Loop\040\(HITL\)\040Critical\040Gates}{chapter.13}% 141
\BOOKMARK [1][-]{section.13.8}{13.8\040Registry\040Integrity\040&\040Live\040Status}{chapter.13}% 142
\BOOKMARK [1][-]{section.13.9}{13.9\040Master\040Implementation\040Manifest\040\(Union\)}{chapter.13}% 143
\BOOKMARK [1][-]{section.13.10}{13.10\040Governance\040Obligations\040\(MAS\040MGF\)}{chapter.13}% 144
\BOOKMARK [1][-]{section.13.11}{13.11\040FMEA:\040Failure\040Mode\040and\040Effects\040Analysis\040for\040AI}{chapter.13}% 145
\BOOKMARK [1][-]{section.13.12}{13.12\040This\040domain\040in\040context}{chapter.13}% 146
\BOOKMARK [1][-]{section.13.13}{13.13\040Schema\040contribution}{chapter.13}% 147
\BOOKMARK [1][-]{section.13.14}{13.14\040Persona\040and\040MCP\040allow-list}{chapter.13}% 148
\BOOKMARK [1][-]{section.13.15}{13.15\040Agent\040Rule-Pack\040Binding}{chapter.13}% 149
\BOOKMARK [1][-]{section.13.16}{13.16\040Implementation\040tasks\040for\040this\040domain}{chapter.13}% 150
\BOOKMARK [1][-]{section.13.17}{13.17\040Governance\040obligations\040applied\040to\040this\040domain}{chapter.13}% 151
\BOOKMARK [1][-]{section.13.18}{\376\377\0001\0003\000.\0001\0008\000\040\000C\000r\000o\000s\000s\000-\000s\000p\000e\000c\000\040\000i\000n\000t\000e\000g\000r\000a\000t\000i\000o\000n\000\040\040\024\000\040\000f\000u\000l\000l\000\040\000d\000e\000t\000a\000i\000l}{chapter.13}% 152
\BOOKMARK [2][-]{subsection.13.18.1}{13.18.1\040With\040Arabic\040AP}{section.13.18}% 153
\BOOKMARK [2][-]{subsection.13.18.2}{13.18.2\040With\040Trial\040Balance}{section.13.18}% 154
\BOOKMARK [2][-]{subsection.13.18.3}{13.18.3\040With\040Regulations}{section.13.18}% 155
\BOOKMARK [2][-]{subsection.13.18.4}{13.18.4\040With\040Simula}{section.13.18}% 156
\BOOKMARK [1][-]{section.13.19}{13.19\040Wave\040assignment\040and\040sequencing}{chapter.13}% 157
\BOOKMARK [1][-]{section.13.20}{13.20\040Acceptance\040criteria\040\(platform-wide\)}{chapter.13}% 158
\BOOKMARK [1][-]{section.13.21}{13.21\040References}{chapter.13}% 159
\BOOKMARK [0][-]{chapter.14}{14\040Global\040Wave-Dependency\040Manifest}{}% 160
\BOOKMARK [1][-]{section.14.1}{\376\377\0001\0004\000.\0001\000\040\000C\000r\000i\000t\000i\000c\000a\000l\000\040\000P\000a\000t\000h\000\040\000V\000i\000s\000u\000a\000l\000i\000z\000a\000t\000i\000o\000n\000\040\000\050\000W\000a\000v\000e\000s\000\040\0001\040\023\0003\000\051}{chapter.14}% 161
\BOOKMARK [1][-]{section.14.2}{14.2\040Inter-Domain\040Prerequisite\040Matrix}{chapter.14}% 162
